<?xml version="1.0" encoding="UTF-8"?>
<!-- Generated by org.testng.reporters.JUnitReportReporter -->
<testsuite name="SalsonAcademy.navbarValidation" tests="1" time="0.002" ignored="0" failures="0" timestamp="03 Apr 2020 16:29:34 GMT" skipped="1" hostname="Salson-Sushma" errors="0">
  <testcase name="navigationbarValidation" time="0.002" classname="SalsonAcademy.navbarValidation">
    <skipped/>
  </testcase> <!-- navigationbarValidation -->
</testsuite> <!-- SalsonAcademy.navbarValidation -->
