<?xml version="1.0" encoding="UTF-8"?>
<!-- Generated by org.testng.reporters.JUnitReportReporter -->
<testsuite hostname="Salson-Sushma" name="SalsonAcademy.contentValidation" tests="2" failures="0" timestamp="3 Apr 2020 16:26:03 GMT" time="0.162" errors="0">
  <testcase name="contentValidation1Navigation" time="0.083" classname="SalsonAcademy.contentValidation"/>
  <testcase name="contentValidationNavigation" time="0.079" classname="SalsonAcademy.contentValidation"/>
</testsuite> <!-- SalsonAcademy.contentValidation -->
