<?xml version="1.0" encoding="UTF-8"?>
<!-- Generated by org.testng.reporters.JUnitReportReporter -->
<testsuite hostname="Salson-Sushma" name="SalsonAcademy.HomePage" tests="2" failures="0" timestamp="3 Apr 2020 16:26:03 GMT" time="22.645" errors="0">
  <testcase name="basePageNavigation" time="6.272" classname="SalsonAcademy.HomePage"/>
  <testcase name="basePageNavigation" time="16.373" classname="SalsonAcademy.HomePage"/>
</testsuite> <!-- SalsonAcademy.HomePage -->
