<?xml version="1.0" encoding="UTF-8"?>
<!-- Generated by org.testng.reporters.JUnitReportReporter -->
<testsuite hostname="Salson-Sushma" name="SalsonAcademy.navbarValidation" tests="1" failures="0" timestamp="3 Apr 2020 16:26:03 GMT" time="0.186" errors="0">
  <testcase name="navigationbarValidation" time="0.186" classname="SalsonAcademy.navbarValidation"/>
</testsuite> <!-- SalsonAcademy.navbarValidation -->
